Using pre-set license

 COMMAND LINE ARGUMENTS:
/Applications/Unity/Hub/Editor/2020.3.9f1/Unity.app/Contents/MacOS/Unity
-adb2
-batchMode
-noUpm
-name
AssetImportWorker0
-projectPath
/Users/ayxanagayev/Desktop/Melix_Jump/Melix-Jump/Melix Jump
-logFile
Logs/AssetImportWorker0.log
-srvPort
49160
Successfully changed project path to: /Users/ayxanagayev/Desktop/Melix_Jump/Melix-Jump/Melix Jump
/Users/ayxanagayev/Desktop/Melix_Jump/Melix-Jump/Melix Jump
Using Asset Import Pipeline V2.
Refreshing native plugins compatible for Editor in 26.64 ms, found 1 plugins.
Preloading 0 native plugins for Editor in 0.00 ms.
Initialize engine version: 2020.3.9f1 (108be757e447)
[Subsystems] Discovering subsystems at path /Applications/Unity/Hub/Editor/2020.3.9f1/Unity.app/Contents/Resources/UnitySubsystems
[Subsystems] Discovering subsystems at path /Users/ayxanagayev/Desktop/Melix_Jump/Melix-Jump/Melix Jump/Assets
GfxDevice: creating device client; threaded=0
2022-08-27 11:35:50.475 Unity[924:8390] (null) preferred device: Apple M1 (high power)
2022-08-27 11:35:50.475 Unity[924:8390] Metal devices available: 1
2022-08-27 11:35:50.475 Unity[924:8390] 0: Apple M1 (high power)
2022-08-27 11:35:50.475 Unity[924:8390] Using device Apple M1 (high power)
Initializing Metal device caps: Apple M1
Initialize mono
Mono path[0] = '/Applications/Unity/Hub/Editor/2020.3.9f1/Unity.app/Contents/Managed'
Mono path[1] = '/Applications/Unity/Hub/Editor/2020.3.9f1/Unity.app/Contents/MonoBleedingEdge/lib/mono/unityjit'
Mono config path = '/Applications/Unity/Hub/Editor/2020.3.9f1/Unity.app/Contents/MonoBleedingEdge/etc'
Using monoOptions --debugger-agent=transport=dt_socket,embedding=1,server=y,suspend=n,address=127.0.0.1:56924
Begin MonoManager ReloadAssembly
Registering precompiled unity dll's ...
Register platform support module: /Applications/Unity/Hub/Editor/2020.3.9f1/PlaybackEngines/WebGLSupport/UnityEditor.WebGL.Extensions.dll
Register platform support module: /Applications/Unity/Hub/Editor/2020.3.9f1/Unity.app/Contents/PlaybackEngines/MacStandaloneSupport/UnityEditor.OSXStandalone.Extensions.dll
Register platform support module: /Applications/Unity/Hub/Editor/2020.3.9f1/PlaybackEngines/WindowsStandaloneSupport/UnityEditor.WindowsStandalone.Extensions.dll
Registered in 0.001670 seconds.
Native extension for WindowsStandalone target not found
Native extension for OSXStandalone target not found
Native extension for WebGL target not found
Refreshing native plugins compatible for Editor in 24.68 ms, found 1 plugins.
Preloading 0 native plugins for Editor in 0.00 ms.
Mono: successfully reloaded assembly
- Completed reload, in  4.875 seconds
Platform modules already initialized, skipping
Registering precompiled user dll's ...
Registered in 0.000685 seconds.
Begin MonoManager ReloadAssembly
Native extension for WindowsStandalone target not found
Native extension for OSXStandalone target not found
Native extension for WebGL target not found
Refreshing native plugins compatible for Editor in 0.20 ms, found 1 plugins.
Preloading 0 native plugins for Editor in 0.00 ms.
Mono: successfully reloaded assembly
- Completed reload, in  1.652 seconds
Platform modules already initialized, skipping
========================================================================
Worker process is ready to serve import requests
Launching external process: /Applications/Unity/Hub/Editor/2020.3.9f1/Unity.app/Contents/Tools/UnityShaderCompiler
Launched and connected shader compiler UnityShaderCompiler after 0.03 seconds
Refreshing native plugins compatible for Editor in 0.18 ms, found 1 plugins.
Preloading 0 native plugins for Editor in 0.00 ms.
Unloading 1132 Unused Serialized files (Serialized files now loaded: 0)
System memory in use before: 119.7 MB.
System memory in use after: 119.8 MB.

Unloading 10 unused Assets to reduce memory usage. Loaded Objects now: 1575.
Total: 1.259291 ms (FindLiveObjects: 0.099000 ms CreateObjectMapping: 0.023625 ms MarkObjects: 1.055000 ms  DeleteObjects: 0.080916 ms)

========================================================================
Received Import Request.
  path: Assets/App/Scripts/TriggerBehaviour.cs
  artifactKey: Guid(9363df85dbadf4d37b0c6bf3a3d6ffcb) Importer(815301076,1909f56bfc062723c751e8b465ee728b)
Start importing Assets/App/Scripts/TriggerBehaviour.cs using Guid(9363df85dbadf4d37b0c6bf3a3d6ffcb) Importer(815301076,1909f56bfc062723c751e8b465ee728b)  -> (artifact id: 'f1082ce19731e4fb44ba7f26e602bab0') in 0.194005 seconds
  Import took 0.196083 seconds .

========================================================================
Received Import Request.
  Time since last request: 11.887772 seconds.
  path: Assets/App/Scripts/PillarMovement.cs
  artifactKey: Guid(dad2ac9e33f9e42489217e6ba1129885) Importer(815301076,1909f56bfc062723c751e8b465ee728b)
Start importing Assets/App/Scripts/PillarMovement.cs using Guid(dad2ac9e33f9e42489217e6ba1129885) Importer(815301076,1909f56bfc062723c751e8b465ee728b)  -> (artifact id: 'd4b041381ecb8f857fb11d7316ceb5c5') in 0.002134 seconds
  Import took 0.003748 seconds .

========================================================================
Received Import Request.
  Time since last request: 0.005533 seconds.
  path: Assets/App/Scripts/PillarMovement.cs
  artifactKey: Guid(dad2ac9e33f9e42489217e6ba1129885) Importer(815301076,1909f56bfc062723c751e8b465ee728b)
Start importing Assets/App/Scripts/PillarMovement.cs using Guid(dad2ac9e33f9e42489217e6ba1129885) Importer(815301076,1909f56bfc062723c751e8b465ee728b)  -> (artifact id: 'd4b041381ecb8f857fb11d7316ceb5c5') in 0.001856 seconds
  Import took 0.003583 seconds .

========================================================================
Received Prepare
Registering precompiled user dll's ...
Registered in 0.000669 seconds.
Begin MonoManager ReloadAssembly
Native extension for WindowsStandalone target not found
Native extension for OSXStandalone target not found
Native extension for WebGL target not found
Refreshing native plugins compatible for Editor in 0.18 ms, found 1 plugins.
Preloading 0 native plugins for Editor in 0.00 ms.
Mono: successfully reloaded assembly
- Completed reload, in  1.485 seconds
Platform modules already initialized, skipping
Refreshing native plugins compatible for Editor in 0.15 ms, found 1 plugins.
Preloading 0 native plugins for Editor in 0.00 ms.
Unloading 1114 Unused Serialized files (Serialized files now loaded: 0)
System memory in use before: 122.7 MB.
System memory in use after: 122.8 MB.

Unloading 5 unused Assets to reduce memory usage. Loaded Objects now: 1578.
Total: 1.220084 ms (FindLiveObjects: 0.227833 ms CreateObjectMapping: 0.022584 ms MarkObjects: 0.911542 ms  DeleteObjects: 0.057500 ms)

